<?xml version="1.0" encoding="UTF-8"?>
<!-- Generated by org.testng.reporters.JUnitReportReporter -->
<testsuite skipped="0" hostname="DESKTOP-536L0VO" name="com.listener.Fb_script" tests="1" failures="0" timestamp="05 Feb 2019 10:25:55 GMT" time="25.225" errors="0">
  <testcase name="list" time="25.225" classname="com.listener.Fb_script"/>
</testsuite> <!-- com.listener.Fb_script -->
