<?xml version="1.0" encoding="UTF-8"?>
<!-- Generated by org.testng.reporters.JUnitReportReporter -->
<testsuite skipped="0" hostname="DESKTOP-536L0VO" name="com.selenium.pract.Windows_Handle" tests="1" failures="0" timestamp="01 Feb 2019 11:03:18 GMT" time="20.844" errors="0">
  <testcase name="Handling" time="20.844" classname="com.selenium.pract.Windows_Handle"/>
</testsuite> <!-- com.selenium.pract.Windows_Handle -->
