<?xml version="1.0" encoding="UTF-8"?>
<!-- Generated by org.testng.reporters.JUnitReportReporter -->
<testsuite skipped="0" hostname="DESKTOP-536L0VO" name="com.selenium.pract.Freecrm_ifame" tests="1" failures="0" timestamp="05 Feb 2019 10:25:55 GMT" time="26.050" errors="0">
  <testcase name="frame" time="26.050" classname="com.selenium.pract.Freecrm_ifame"/>
</testsuite> <!-- com.selenium.pract.Freecrm_ifame -->
