<?xml version="1.0" encoding="UTF-8"?>
<!-- Generated by org.testng.reporters.JUnitReportReporter -->
<testsuite skipped="0" hostname="DESKTOP-536L0VO" name="com.selenium.pract.Gmail_window" tests="1" failures="0" timestamp="01 Feb 2019 11:30:41 GMT" time="16.156" errors="0">
  <testcase name="gmailwindow" time="16.156" classname="com.selenium.pract.Gmail_window"/>
</testsuite> <!-- com.selenium.pract.Gmail_window -->
