<?xml version="1.0" encoding="UTF-8"?>
<!-- Generated by org.testng.reporters.JUnitReportReporter -->
<testsuite skipped="0" hostname="DESKTOP-536L0VO" name="com.selenium.pract.Alerttext" tests="1" failures="0" timestamp="05 Feb 2019 10:25:55 GMT" time="13.852" errors="0">
  <testcase name="ksrtc" time="13.852" classname="com.selenium.pract.Alerttext"/>
</testsuite> <!-- com.selenium.pract.Alerttext -->
